Tname      Salary
---------- -------------
赵四         1400
赵五         1000

(2 行受影响)

Sname      Sage
---------- -----------
张三         20
张四         20
王三         20
王四         21

(4 行受影响)

S#       Sname
-------- ----------
98030101 张三      
98030102 张四      
98040202 王四      

(3 行受影响)

S#       C#   Score
-------- ---- -------------
98040202 001  55
98040203 003  56
98030102 001  54
98030102 003  48

(4 行受影响)

S#       C#   Score
-------- ---- -------------
98030101 001  92
98040202 002  90
98030101 003  88
98030101 002  85
98030102 002  85
98040202 003  80
98040203 003  56
98040202 001  55
98030102 001  54
98030102 003  48

(10 行受影响)

