Tname      Tname      Difference
---------- ---------- -------------
赵六         赵三         -100
赵六         赵四         -300
赵六         赵五         100
赵三         赵六         100
赵三         赵四         -200
赵三         赵五         200
赵四         赵六         300
赵四         赵三         200
赵四         赵五         400
赵五         赵六         -100
赵五         赵三         -200
赵五         赵四         -400

(12 行受影响)

Sname      Score(001)    Score(002)    Difference
---------- ------------- ------------- -------------
张三         92            85            7

(1 行受影响)

S1.S#    S2.S#    Difference
-------- -------- -------------
98030101 98030102 38
98030101 98040202 37
98030102 98030101 -38
98030102 98040202 -1
98040202 98030101 -37
98040202 98030102 1

(6 行受影响)

Sname      S#
---------- --------
张三         98030101
王四         98040202
张四         98030102

(3 行受影响)

S#       
-------- ----------------------
98030102 62.3333333333333

(1 行受影响)

S#
--------
98030101

(1 行受影响)

张三最低的成绩
-------------
85

(1 行受影响)

Sname
----------
张三      
张四      
王四      
王五      

(4 行受影响)

S#
--------
98030101
98030102
98040202
98040203

(4 行受影响)

(4 行受影响)

S#       C#   Score
-------- ---- -------------
98040202 001  55
98040203 003  56
98030102 001  54
98030102 003  48

(4 行受影响)

(2 行受影响)

S#       C#   Score
-------- ---- -------------
98040202 001  55
98040203 003  56

(2 行受影响)

(10 行受影响)

Sclass C#   AVG_Score
------ ---- -------------
980301 001  NULL
980301 002  NULL
980301 003  NULL
980301 004  NULL
980301 005  NULL
980402 001  NULL
980402 002  NULL
980402 003  NULL
980402 004  NULL
980402 005  NULL

(10 行受影响)

(6 行受影响)

Sclass C#   AVG_Score
------ ---- -------------
980301 001  73
980301 002  85
980301 003  68
980301 004  NULL
980301 005  NULL
980402 001  55
980402 002  90
980402 003  68
980402 004  NULL
980402 005  NULL

(10 行受影响)

(1 行受影响)

S#       C#   Score
-------- ---- -------------
98030101 001  73
98030101 002  85
98030101 003  88
98040202 002  90
98040202 003  80
98040202 001  55
98040203 003  56
98030102 001  54
98030102 002  85
98030102 003  48

(10 行受影响)

(1 行受影响)

S#       C#   Score
-------- ---- -------------
98030101 001  92
98030101 002  85
98030101 003  88
98040202 002  90
98040202 003  80
98040202 001  55
98040203 003  56
98030102 001  54
98030102 002  85
98030102 003  48

(10 行受影响)

